<?xml version="1.0" encoding="UTF-8"?>
<!-- Generated by org.testng.reporters.JUnitXMLReporter -->
<testsuite ignored="0" hostname="MacBook-Air" failures="0" tests="3" name="Default test" time="40.942" errors="0" timestamp="2023-01-11T21:59:48 EST">
  <testcase classname="com.batch21.testcases.LoginTest" name="loginTest" time="6.828"/>
  <testcase classname="com.batch21.testcases.LoginTest" name="loginTest" time="6.191"/>
  <testcase classname="com.batch21.testcases.LoginTest" name="loginTest" time="6.218"/>
</testsuite> <!-- Default test -->
