<?xml version="1.0" encoding="UTF-8"?>
<!-- Generated by org.testng.reporters.JUnitXMLReporter -->
<testsuite ignored="0" hostname="MacBook-Air" failures="1" tests="1" name="Test2" time="10.568" errors="0" timestamp="2023-01-10T18:48:14 EST">
  <testcase classname="com.batch21.testcases.LoginTest" name="loginTest" time="0.0">
    <failure type="org.testng.TestNGException" message="
Data Provider public void com.batch21.testcases.LoginTest.getData() returned a null value">
      <![CDATA[org.testng.TestNGException: 
Data Provider public void com.batch21.testcases.LoginTest.getData() returned a null value
at java.base/java.util.ArrayList.forEach(ArrayList.java:1541)
... Removed 24 stack frames]]>
    </failure>
  </testcase> <!-- loginTest -->
</testsuite> <!-- Test2 -->
