<?xml version="1.0" encoding="UTF-8"?>
<!-- Generated by org.testng.reporters.JUnitXMLReporter -->
<testsuite ignored="0" hostname="MacBook-Air" failures="0" tests="3" name="Test2" time="50.434" errors="0" timestamp="2023-01-30T21:06:34 EST">
  <testcase classname="com.batch21.testcases.LoginTest" name="loginTest" time="6.731"/>
  <testcase classname="com.batch21.testcases.LoginTest" name="loginTest" time="6.706"/>
  <testcase classname="com.batch21.testcases.LoginTest" name="loginTest" time="6.841"/>
</testsuite> <!-- Test2 -->
