<?xml version="1.0" encoding="UTF-8"?>
<testng-results ignored="0" total="3" passed="3" failed="0" skipped="0">
  <reporter-output>
  </reporter-output>
  <suite started-at="2023-01-30T21:05:44 EST" name="Suite" finished-at="2023-01-30T21:06:34 EST" duration-ms="50434">
    <groups>
    </groups>
    <test started-at="2023-01-30T21:05:44 EST" name="Test2" finished-at="2023-01-30T21:06:34 EST" duration-ms="50434">
      <class name="com.batch21.testcases.LoginTest">
        <test-method is-config="true" signature="setup(java.lang.String)[pri:0, instance:com.batch21.testcases.LoginTest@2892dae4]" started-at="2023-01-30T21:05:44 EST" name="setup" finished-at="2023-01-30T21:06:08 EST" duration-ms="24185" status="PASS">
          <params>
            <param index="0">
              <value>
                <![CDATA[firefox]]>
              </value>
            </param>
          </params>
          <reporter-output>
          </reporter-output>
        </test-method> <!-- setup -->
        <test-method signature="loginTest(java.lang.String,java.lang.String)[pri:0, instance:com.batch21.testcases.LoginTest@2892dae4]" started-at="2023-01-30T21:06:09 EST" name="loginTest" data-provider="logindata" finished-at="2023-01-30T21:06:16 EST" duration-ms="6731" status="PASS">
          <params>
            <param index="0">
              <value>
                <![CDATA[rihad23@gmail.com ]]>
              </value>
            </param>
            <param index="1">
              <value>
                <![CDATA[546546gfg]]>
              </value>
            </param>
          </params>
          <reporter-output>
          </reporter-output>
        </test-method> <!-- loginTest -->
        <test-method signature="loginTest(java.lang.String,java.lang.String)[pri:0, instance:com.batch21.testcases.LoginTest@2892dae4]" started-at="2023-01-30T21:06:16 EST" name="loginTest" data-provider="logindata" finished-at="2023-01-30T21:06:23 EST" duration-ms="6706" status="PASS">
          <params>
            <param index="0">
              <value>
                <![CDATA[experauto@yahoo.com]]>
              </value>
            </param>
            <param index="1">
              <value>
                <![CDATA[8645896fg]]>
              </value>
            </param>
          </params>
          <reporter-output>
          </reporter-output>
        </test-method> <!-- loginTest -->
        <test-method signature="loginTest(java.lang.String,java.lang.String)[pri:0, instance:com.batch21.testcases.LoginTest@2892dae4]" started-at="2023-01-30T21:06:23 EST" name="loginTest" data-provider="logindata" finished-at="2023-01-30T21:06:30 EST" duration-ms="6841" status="PASS">
          <params>
            <param index="0">
              <value>
                <![CDATA[rihad22@hotmail.com]]>
              </value>
            </param>
            <param index="1">
              <value>
                <![CDATA[798shdfgjsf]]>
              </value>
            </param>
          </params>
          <reporter-output>
          </reporter-output>
        </test-method> <!-- loginTest -->
        <test-method is-config="true" signature="tearDown()[pri:0, instance:com.batch21.testcases.LoginTest@2892dae4]" started-at="2023-01-30T21:06:30 EST" name="tearDown" finished-at="2023-01-30T21:06:34 EST" duration-ms="4592" status="PASS">
          <reporter-output>
          </reporter-output>
        </test-method> <!-- tearDown -->
      </class> <!-- com.batch21.testcases.LoginTest -->
    </test> <!-- Test2 -->
  </suite> <!-- Suite -->
</testng-results>
