<?xml version="1.0" encoding="UTF-8"?>
<testng-results ignored="0" total="3" passed="3" failed="0" skipped="0">
  <reporter-output>
  </reporter-output>
  <suite started-at="2023-01-11T21:59:07 EST" name="Default suite" finished-at="2023-01-11T21:59:48 EST" duration-ms="40942">
    <groups>
    </groups>
    <test started-at="2023-01-11T21:59:07 EST" name="Default test" finished-at="2023-01-11T21:59:48 EST" duration-ms="40942">
      <class name="com.batch21.testcases.LoginTest">
        <test-method is-config="true" signature="setup(java.lang.String)[pri:0, instance:com.batch21.testcases.LoginTest@202b0582]" started-at="2023-01-11T21:59:07 EST" name="setup" finished-at="2023-01-11T21:59:23 EST" duration-ms="16491" status="PASS">
          <params>
            <param index="0">
              <value>
                <![CDATA[chrome]]>
              </value>
            </param>
          </params>
          <reporter-output>
          </reporter-output>
        </test-method> <!-- setup -->
        <test-method signature="loginTest(java.lang.String,java.lang.String)[pri:0, instance:com.batch21.testcases.LoginTest@202b0582]" started-at="2023-01-11T21:59:24 EST" name="loginTest" data-provider="logindata" finished-at="2023-01-11T21:59:31 EST" duration-ms="6828" status="PASS">
          <params>
            <param index="0">
              <value>
                <![CDATA[rihad23@gmail.com ]]>
              </value>
            </param>
            <param index="1">
              <value>
                <![CDATA[546546gfg]]>
              </value>
            </param>
          </params>
          <reporter-output>
          </reporter-output>
        </test-method> <!-- loginTest -->
        <test-method signature="loginTest(java.lang.String,java.lang.String)[pri:0, instance:com.batch21.testcases.LoginTest@202b0582]" started-at="2023-01-11T21:59:31 EST" name="loginTest" data-provider="logindata" finished-at="2023-01-11T21:59:37 EST" duration-ms="6191" status="PASS">
          <params>
            <param index="0">
              <value>
                <![CDATA[experauto@yahoo.com]]>
              </value>
            </param>
            <param index="1">
              <value>
                <![CDATA[8645896fg]]>
              </value>
            </param>
          </params>
          <reporter-output>
          </reporter-output>
        </test-method> <!-- loginTest -->
        <test-method signature="loginTest(java.lang.String,java.lang.String)[pri:0, instance:com.batch21.testcases.LoginTest@202b0582]" started-at="2023-01-11T21:59:37 EST" name="loginTest" data-provider="logindata" finished-at="2023-01-11T21:59:44 EST" duration-ms="6218" status="PASS">
          <params>
            <param index="0">
              <value>
                <![CDATA[rihad22@hotmail.com]]>
              </value>
            </param>
            <param index="1">
              <value>
                <![CDATA[798shdfgjsf]]>
              </value>
            </param>
          </params>
          <reporter-output>
          </reporter-output>
        </test-method> <!-- loginTest -->
        <test-method is-config="true" signature="tearDown()[pri:0, instance:com.batch21.testcases.LoginTest@202b0582]" started-at="2023-01-11T21:59:44 EST" name="tearDown" finished-at="2023-01-11T21:59:48 EST" duration-ms="4141" status="PASS">
          <reporter-output>
          </reporter-output>
        </test-method> <!-- tearDown -->
      </class> <!-- com.batch21.testcases.LoginTest -->
    </test> <!-- Default test -->
  </suite> <!-- Default suite -->
</testng-results>
