<?xml version="1.0" encoding="UTF-8"?>
<testng-results ignored="0" total="1" passed="1" failed="0" skipped="0">
  <reporter-output>
  </reporter-output>
  <suite started-at="2023-01-17T18:55:49 EST" name="Default suite" finished-at="2023-01-17T18:56:34 EST" duration-ms="45555">
    <groups>
    </groups>
    <test started-at="2023-01-17T18:55:49 EST" name="Default test" finished-at="2023-01-17T18:56:34 EST" duration-ms="45555">
      <class name="com.batch21.util.DbConnection">
        <test-method is-config="true" signature="setup(java.lang.String)[pri:0, instance:com.batch21.util.DbConnection@25ce9dc4]" started-at="2023-01-17T18:55:49 EST" name="setup" finished-at="2023-01-17T18:56:30 EST" duration-ms="40738" status="PASS">
          <params>
            <param index="0">
              <value>
                <![CDATA[chrome]]>
              </value>
            </param>
          </params>
          <reporter-output>
          </reporter-output>
        </test-method> <!-- setup -->
        <test-method signature="getConnection()[pri:0, instance:com.batch21.util.DbConnection@25ce9dc4]" started-at="2023-01-17T18:56:30 EST" name="getConnection" finished-at="2023-01-17T18:56:30 EST" duration-ms="499" status="PASS">
          <reporter-output>
          </reporter-output>
        </test-method> <!-- getConnection -->
        <test-method is-config="true" signature="tearDown()[pri:0, instance:com.batch21.util.DbConnection@25ce9dc4]" started-at="2023-01-17T18:56:30 EST" name="tearDown" finished-at="2023-01-17T18:56:34 EST" duration-ms="4249" status="PASS">
          <reporter-output>
          </reporter-output>
        </test-method> <!-- tearDown -->
      </class> <!-- com.batch21.util.DbConnection -->
    </test> <!-- Default test -->
  </suite> <!-- Default suite -->
</testng-results>
